<?xml version="1.0" encoding="UTF-8"?>
<testsuites name="jest tests" tests="145" failures="17" errors="0" time="335.942">
  <testsuite name="Patient Portal Integration Tests" errors="0" failures="12" skipped="0" timestamp="2025-09-13T21:10:28" time="96.472" tests="21">
    <testcase classname="Patient Portal Integration Tests should login patient user and return access token" name="Patient Portal Integration Tests should login patient user and return access token" time="23.63">
    </testcase>
    <testcase classname="Patient Portal Integration Tests should get patient user info with valid token" name="Patient Portal Integration Tests should get patient user info with valid token" time="6.217">
    </testcase>
    <testcase classname="Patient Portal Integration Tests should get upcoming appointments for patient" name="Patient Portal Integration Tests should get upcoming appointments for patient" time="6.136">
      <failure>Error: expect(received).toBe(expected) // Object.is equality

Expected: 200
Received: 401
    at Object.&lt;anonymous&gt; (/home/rebelde/development/topsmile/backend/tests/integration/patientPortal.test.ts:91:28)
    at processTicksAndRejections (node:internal/process/task_queues:105:5)</failure>
    </testcase>
    <testcase classname="Patient Portal Integration Tests should handle invalid login credentials" name="Patient Portal Integration Tests should handle invalid login credentials" time="4.519">
    </testcase>
    <testcase classname="Patient Portal Integration Tests should logout patient user successfully" name="Patient Portal Integration Tests should logout patient user successfully" time="1.937">
    </testcase>
    <testcase classname="Patient Portal Integration Tests should reject requests with invalid token" name="Patient Portal Integration Tests should reject requests with invalid token" time="1.878">
    </testcase>
    <testcase classname="Patient Portal Integration Tests should reject requests without token" name="Patient Portal Integration Tests should reject requests without token" time="1.687">
    </testcase>
    <testcase classname="Patient Portal Integration Tests should handle appointment booking with valid data" name="Patient Portal Integration Tests should handle appointment booking with valid data" time="1.72">
      <failure>Error: expect(received).toBe(expected) // Object.is equality

Expected: 201
Received: 401
    at Object.&lt;anonymous&gt; (/home/rebelde/development/topsmile/backend/tests/integration/patientPortal.test.ts:145:28)
    at processTicksAndRejections (node:internal/process/task_queues:105:5)</failure>
    </testcase>
    <testcase classname="Patient Portal Integration Tests should handle appointment cancellation" name="Patient Portal Integration Tests should handle appointment cancellation" time="1.621">
      <failure>Error: expect(received).toBe(expected) // Object.is equality

Expected: 200
Received: 401
    at Object.&lt;anonymous&gt; (/home/rebelde/development/topsmile/backend/tests/integration/patientPortal.test.ts:157:31)
    at processTicksAndRejections (node:internal/process/task_queues:105:5)</failure>
    </testcase>
    <testcase classname="Patient Portal Integration Tests should handle patient profile updates" name="Patient Portal Integration Tests should handle patient profile updates" time="1.644">
    </testcase>
    <testcase classname="Patient Portal Integration Tests should handle password reset request" name="Patient Portal Integration Tests should handle password reset request" time="2.03">
    </testcase>
    <testcase classname="Patient Portal Integration Tests should handle rate limiting on auth endpoints" name="Patient Portal Integration Tests should handle rate limiting on auth endpoints" time="8.321">
      <failure>Error: expect(received).toBeGreaterThan(expected)

Expected: &gt; 0
Received:   0
    at Object.&lt;anonymous&gt; (/home/rebelde/development/topsmile/backend/tests/integration/patientPortal.test.ts:220:41)
    at processTicksAndRejections (node:internal/process/task_queues:105:5)</failure>
    </testcase>
    <testcase classname="Patient Portal Integration Tests should handle concurrent session management" name="Patient Portal Integration Tests should handle concurrent session management" time="4.237">
    </testcase>
    <testcase classname="Patient Portal Integration Tests should handle appointment rescheduling" name="Patient Portal Integration Tests should handle appointment rescheduling" time="1.783">
      <failure>Error: expect(received).toBe(expected) // Object.is equality

Expected: 200
Received: 401
    at Object.&lt;anonymous&gt; (/home/rebelde/development/topsmile/backend/tests/integration/patientPortal.test.ts:267:31)
    at processTicksAndRejections (node:internal/process/task_queues:105:5)</failure>
    </testcase>
    <testcase classname="Patient Portal Integration Tests should handle patient medical history retrieval" name="Patient Portal Integration Tests should handle patient medical history retrieval" time="1.816">
      <failure>Error: expect(received).toBe(expected) // Object.is equality

Expected: 200
Received: 401
    at Object.&lt;anonymous&gt; (/home/rebelde/development/topsmile/backend/tests/integration/patientPortal.test.ts:291:28)
    at processTicksAndRejections (node:internal/process/task_queues:105:5)</failure>
    </testcase>
    <testcase classname="Patient Portal Integration Tests should handle appointment type listing" name="Patient Portal Integration Tests should handle appointment type listing" time="1.594">
      <failure>Error: expect(received).toBe(expected) // Object.is equality

Expected: 200
Received: 401
    at Object.&lt;anonymous&gt; (/home/rebelde/development/topsmile/backend/tests/integration/patientPortal.test.ts:300:28)
    at processTicksAndRejections (node:internal/process/task_queues:105:5)</failure>
    </testcase>
    <testcase classname="Patient Portal Integration Tests should handle provider availability checking" name="Patient Portal Integration Tests should handle provider availability checking" time="1.644">
      <failure>Error: expect(received).toBe(expected) // Object.is equality

Expected: 200
Received: 401
    at Object.&lt;anonymous&gt; (/home/rebelde/development/topsmile/backend/tests/integration/patientPortal.test.ts:317:28)
    at processTicksAndRejections (node:internal/process/task_queues:105:5)</failure>
    </testcase>
    <testcase classname="Patient Portal Integration Tests should handle error responses gracefully" name="Patient Portal Integration Tests should handle error responses gracefully" time="2.546">
      <failure>Error: expect(received).toBe(expected) // Object.is equality

Expected: 404
Received: 401
    at Object.&lt;anonymous&gt; (/home/rebelde/development/topsmile/backend/tests/integration/patientPortal.test.ts:326:28)
    at processTicksAndRejections (node:internal/process/task_queues:105:5)</failure>
    </testcase>
    <testcase classname="Patient Portal Integration Tests should handle CORS headers properly" name="Patient Portal Integration Tests should handle CORS headers properly" time="1.64">
      <failure>Error: expect(received).toBeDefined()

Received: undefined
    at Object.&lt;anonymous&gt; (/home/rebelde/development/topsmile/backend/tests/integration/patientPortal.test.ts:338:56)
    at processTicksAndRejections (node:internal/process/task_queues:105:5)</failure>
    </testcase>
    <testcase classname="Patient Portal Integration Tests should handle large request payloads" name="Patient Portal Integration Tests should handle large request payloads" time="1.937">
      <failure>Error: expect(received).toContain(expected) // indexOf

Expected value: 401
Received array: [200, 201, 400, 413]
    at Object.&lt;anonymous&gt; (/home/rebelde/development/topsmile/backend/tests/integration/patientPortal.test.ts:359:34)
    at processTicksAndRejections (node:internal/process/task_queues:105:5)</failure>
    </testcase>
    <testcase classname="Patient Portal Integration Tests should handle database connection errors gracefully" name="Patient Portal Integration Tests should handle database connection errors gracefully" time="1.81">
      <failure>Error: expect(received).toContain(expected) // indexOf

Expected value: 401
Received array: [200, 500]
    at Object.&lt;anonymous&gt; (/home/rebelde/development/topsmile/backend/tests/integration/patientPortal.test.ts:371:24)
    at processTicksAndRejections (node:internal/process/task_queues:105:5)</failure>
    </testcase>
  </testsuite>
  <testsuite name="ProviderService" errors="0" failures="4" skipped="0" timestamp="2025-09-13T21:12:05" time="44.431" tests="42">
    <testcase classname="ProviderService createProvider should create a new provider successfully" name="ProviderService createProvider should create a new provider successfully" time="8.184">
    </testcase>
    <testcase classname="ProviderService createProvider should create provider with default working hours" name="ProviderService createProvider should create provider with default working hours" time="0.995">
    </testcase>
    <testcase classname="ProviderService createProvider should create provider with custom working hours" name="ProviderService createProvider should create provider with custom working hours" time="0.747">
    </testcase>
    <testcase classname="ProviderService createProvider should create provider linked to user account" name="ProviderService createProvider should create provider linked to user account" time="0.705">
    </testcase>
    <testcase classname="ProviderService createProvider should create provider with appointment types" name="ProviderService createProvider should create provider with appointment types" time="0.631">
    </testcase>
    <testcase classname="ProviderService createProvider should throw error for duplicate email in same clinic" name="ProviderService createProvider should throw error for duplicate email in same clinic" time="0.752">
    </testcase>
    <testcase classname="ProviderService createProvider should throw error for invalid clinic ID" name="ProviderService createProvider should throw error for invalid clinic ID" time="0.706">
    </testcase>
    <testcase classname="ProviderService createProvider should throw error for missing required fields" name="ProviderService createProvider should throw error for missing required fields" time="0.524">
    </testcase>
    <testcase classname="ProviderService createProvider should throw error for user from different clinic" name="ProviderService createProvider should throw error for user from different clinic" time="0.977">
      <failure>MongoServerError: E11000 duplicate key error collection: test.users index: email_1 dup key: { email: &quot;test@example.com&quot; }
    at InsertOneOperation.execute (/home/rebelde/development/topsmile/backend/node_modules/mongoose/node_modules/mongodb/src/operations/insert.ts:88:13)
    at processTicksAndRejections (node:internal/process/task_queues:105:5)
    at tryOperation (/home/rebelde/development/topsmile/backend/node_modules/mongoose/node_modules/mongodb/src/operations/execute_operation.ts:283:14)
    at executeOperation (/home/rebelde/development/topsmile/backend/node_modules/mongoose/node_modules/mongodb/src/operations/execute_operation.ts:115:12)
    at Collection.insertOne (/home/rebelde/development/topsmile/backend/node_modules/mongoose/node_modules/mongodb/src/collection.ts:286:12)</failure>
    </testcase>
    <testcase classname="ProviderService createProvider should throw error for user already linked to another provider" name="ProviderService createProvider should throw error for user already linked to another provider" time="0.61">
    </testcase>
    <testcase classname="ProviderService getProviderById should return provider by ID with populated fields" name="ProviderService getProviderById should return provider by ID with populated fields" time="0.64">
    </testcase>
    <testcase classname="ProviderService getProviderById should return null for non-existent provider" name="ProviderService getProviderById should return null for non-existent provider" time="0.605">
    </testcase>
    <testcase classname="ProviderService getProviderById should throw error for invalid provider ID" name="ProviderService getProviderById should throw error for invalid provider ID" time="0.626">
    </testcase>
    <testcase classname="ProviderService updateProvider should update provider successfully" name="ProviderService updateProvider should update provider successfully" time="0.699">
    </testcase>
    <testcase classname="ProviderService updateProvider should update provider with user link" name="ProviderService updateProvider should update provider with user link" time="0.7">
    </testcase>
    <testcase classname="ProviderService updateProvider should update provider with appointment types" name="ProviderService updateProvider should update provider with appointment types" time="0.674">
    </testcase>
    <testcase classname="ProviderService updateProvider should return null for non-existent provider" name="ProviderService updateProvider should return null for non-existent provider" time="0.641">
      <failure>Error: Profissional não encontrado
    at ProviderService.updateProvider (/home/rebelde/development/topsmile/backend/src/services/providerService.ts:190:23)
    at processTicksAndRejections (node:internal/process/task_queues:105:5)
    at Object.&lt;anonymous&gt; (/home/rebelde/development/topsmile/backend/tests/unit/services/providerService.test.ts:329:22)</failure>
    </testcase>
    <testcase classname="ProviderService updateProvider should throw error for duplicate email update" name="ProviderService updateProvider should throw error for duplicate email update" time="0.766">
    </testcase>
    <testcase classname="ProviderService deleteProvider should delete provider successfully (soft delete)" name="ProviderService deleteProvider should delete provider successfully (soft delete)" time="0.68">
    </testcase>
    <testcase classname="ProviderService deleteProvider should return false for non-existent provider" name="ProviderService deleteProvider should return false for non-existent provider" time="0.636">
    </testcase>
    <testcase classname="ProviderService deleteProvider should throw error for invalid provider ID" name="ProviderService deleteProvider should throw error for invalid provider ID" time="0.598">
    </testcase>
    <testcase classname="ProviderService searchProviders should search providers by name" name="ProviderService searchProviders should search providers by name" time="0.734">
    </testcase>
    <testcase classname="ProviderService searchProviders should search providers by email" name="ProviderService searchProviders should search providers by email" time="0.713">
    </testcase>
    <testcase classname="ProviderService searchProviders should search providers by specialty" name="ProviderService searchProviders should search providers by specialty" time="0.71">
    </testcase>
    <testcase classname="ProviderService searchProviders should filter by specialties array" name="ProviderService searchProviders should filter by specialties array" time="0.796">
    </testcase>
    <testcase classname="ProviderService searchProviders should return all providers when no search term" name="ProviderService searchProviders should return all providers when no search term" time="0.757">
    </testcase>
    <testcase classname="ProviderService searchProviders should paginate results" name="ProviderService searchProviders should paginate results" time="0.774">
    </testcase>
    <testcase classname="ProviderService searchProviders should sort results" name="ProviderService searchProviders should sort results" time="0.695">
    </testcase>
    <testcase classname="ProviderService getProvidersByClinic should return all active providers for clinic" name="ProviderService getProvidersByClinic should return all active providers for clinic" time="0.67">
    </testcase>
    <testcase classname="ProviderService getProvidersByClinic should return inactive providers when specified" name="ProviderService getProvidersByClinic should return inactive providers when specified" time="0.924">
    </testcase>
    <testcase classname="ProviderService getProvidersByClinic should throw error for invalid clinic ID" name="ProviderService getProvidersByClinic should throw error for invalid clinic ID" time="0.669">
    </testcase>
    <testcase classname="ProviderService updateWorkingHours should update working hours successfully" name="ProviderService updateWorkingHours should update working hours successfully" time="0.682">
    </testcase>
    <testcase classname="ProviderService updateWorkingHours should return null for non-existent provider" name="ProviderService updateWorkingHours should return null for non-existent provider" time="0.596">
    </testcase>
    <testcase classname="ProviderService updateAppointmentTypes should update appointment types successfully" name="ProviderService updateAppointmentTypes should update appointment types successfully" time="0.711">
      <failure>Error: expect(received).toBe(expected) // Object.is equality

- Expected  - 1
+ Received  + 7

- 68c5de48aef6fafe2acffb00
+ {
+   _id: new ObjectId(&apos;68c5de48aef6fafe2acffb00&apos;),
+   name: &apos;Consulta Geral&apos;,
+   duration: 60,
+   color: &apos;#3B82F6&apos;,
+   category: &apos;consultation&apos;
+ }
    at Object.&lt;anonymous&gt; (/home/rebelde/development/topsmile/backend/tests/unit/services/providerService.test.ts:619:56)
    at processTicksAndRejections (node:internal/process/task_queues:105:5)</failure>
    </testcase>
    <testcase classname="ProviderService updateAppointmentTypes should throw error for invalid appointment type ID" name="ProviderService updateAppointmentTypes should throw error for invalid appointment type ID" time="0.652">
    </testcase>
    <testcase classname="ProviderService getProviderStats should return correct provider statistics" name="ProviderService getProviderStats should return correct provider statistics" time="0.784">
    </testcase>
    <testcase classname="ProviderService getProviderStats should return specialty breakdown" name="ProviderService getProviderStats should return specialty breakdown" time="1.002">
    </testcase>
    <testcase classname="ProviderService getProviderStats should throw error for invalid clinic ID" name="ProviderService getProviderStats should throw error for invalid clinic ID" time="0.797">
    </testcase>
    <testcase classname="ProviderService reactivateProvider should reactivate inactive provider" name="ProviderService reactivateProvider should reactivate inactive provider" time="0.708">
    </testcase>
    <testcase classname="ProviderService reactivateProvider should throw error for non-existent provider" name="ProviderService reactivateProvider should throw error for non-existent provider" time="0.594">
    </testcase>
    <testcase classname="ProviderService reactivateProvider should throw error for active provider" name="ProviderService reactivateProvider should throw error for active provider" time="0.648">
    </testcase>
    <testcase classname="ProviderService reactivateProvider should throw error for duplicate email when reactivating" name="ProviderService reactivateProvider should throw error for duplicate email when reactivating" time="0.61">
      <failure>Error: Já existe um profissional ativo com este e-mail nesta clínica
    at ProviderService.createProvider (/home/rebelde/development/topsmile/backend/src/services/providerService.ts:94:27)
    at processTicksAndRejections (node:internal/process/task_queues:105:5)
    at Object.&lt;anonymous&gt; (/home/rebelde/development/topsmile/backend/tests/unit/services/providerService.test.ts:757:30)</failure>
    </testcase>
  </testsuite>
  <testsuite name="Patient Routes Integration Tests" errors="0" failures="0" skipped="0" timestamp="2025-09-13T21:12:49" time="26.1" tests="23">
    <testcase classname="Patient Routes Integration Tests POST /api/patients should create a patient successfully" name="Patient Routes Integration Tests POST /api/patients should create a patient successfully" time="3.284">
    </testcase>
    <testcase classname="Patient Routes Integration Tests POST /api/patients should return 400 for invalid data" name="Patient Routes Integration Tests POST /api/patients should return 400 for invalid data" time="0.756">
    </testcase>
    <testcase classname="Patient Routes Integration Tests POST /api/patients should return 400 for duplicate phone in same clinic" name="Patient Routes Integration Tests POST /api/patients should return 400 for duplicate phone in same clinic" time="0.769">
    </testcase>
    <testcase classname="Patient Routes Integration Tests POST /api/patients should create patient with minimal required data" name="Patient Routes Integration Tests POST /api/patients should create patient with minimal required data" time="0.755">
    </testcase>
    <testcase classname="Patient Routes Integration Tests GET /api/patients should return paginated list of patients" name="Patient Routes Integration Tests GET /api/patients should return paginated list of patients" time="0.669">
    </testcase>
    <testcase classname="Patient Routes Integration Tests GET /api/patients should search patients by name" name="Patient Routes Integration Tests GET /api/patients should search patients by name" time="0.674">
    </testcase>
    <testcase classname="Patient Routes Integration Tests GET /api/patients should search patients by phone" name="Patient Routes Integration Tests GET /api/patients should search patients by phone" time="0.655">
    </testcase>
    <testcase classname="Patient Routes Integration Tests GET /api/patients should search patients by email" name="Patient Routes Integration Tests GET /api/patients should search patients by email" time="0.67">
    </testcase>
    <testcase classname="Patient Routes Integration Tests GET /api/patients should filter by status" name="Patient Routes Integration Tests GET /api/patients should filter by status" time="0.637">
    </testcase>
    <testcase classname="Patient Routes Integration Tests GET /api/patients should paginate results" name="Patient Routes Integration Tests GET /api/patients should paginate results" time="0.689">
    </testcase>
    <testcase classname="Patient Routes Integration Tests GET /api/patients should sort results" name="Patient Routes Integration Tests GET /api/patients should sort results" time="0.702">
    </testcase>
    <testcase classname="Patient Routes Integration Tests GET /api/patients/stats should return patient statistics" name="Patient Routes Integration Tests GET /api/patients/stats should return patient statistics" time="0.65">
    </testcase>
    <testcase classname="Patient Routes Integration Tests GET /api/patients/:id should return patient by ID" name="Patient Routes Integration Tests GET /api/patients/:id should return patient by ID" time="0.66">
    </testcase>
    <testcase classname="Patient Routes Integration Tests GET /api/patients/:id should return 404 for non-existent patient" name="Patient Routes Integration Tests GET /api/patients/:id should return 404 for non-existent patient" time="0.617">
    </testcase>
    <testcase classname="Patient Routes Integration Tests PATCH /api/patients/:id should update patient successfully" name="Patient Routes Integration Tests PATCH /api/patients/:id should update patient successfully" time="0.63">
    </testcase>
    <testcase classname="Patient Routes Integration Tests PATCH /api/patients/:id should return 404 for non-existent patient" name="Patient Routes Integration Tests PATCH /api/patients/:id should return 404 for non-existent patient" time="0.723">
    </testcase>
    <testcase classname="Patient Routes Integration Tests PATCH /api/patients/:id should return 400 for invalid data" name="Patient Routes Integration Tests PATCH /api/patients/:id should return 400 for invalid data" time="0.612">
    </testcase>
    <testcase classname="Patient Routes Integration Tests PATCH /api/patients/:id/medical-history should update medical history successfully" name="Patient Routes Integration Tests PATCH /api/patients/:id/medical-history should update medical history successfully" time="0.617">
    </testcase>
    <testcase classname="Patient Routes Integration Tests PATCH /api/patients/:id/medical-history should update partial medical history" name="Patient Routes Integration Tests PATCH /api/patients/:id/medical-history should update partial medical history" time="0.639">
    </testcase>
    <testcase classname="Patient Routes Integration Tests PATCH /api/patients/:id/reactivate should reactivate patient successfully" name="Patient Routes Integration Tests PATCH /api/patients/:id/reactivate should reactivate patient successfully" time="0.694">
    </testcase>
    <testcase classname="Patient Routes Integration Tests PATCH /api/patients/:id/reactivate should return 404 for active patient" name="Patient Routes Integration Tests PATCH /api/patients/:id/reactivate should return 404 for active patient" time="0.646">
    </testcase>
    <testcase classname="Patient Routes Integration Tests DELETE /api/patients/:id should delete patient successfully" name="Patient Routes Integration Tests DELETE /api/patients/:id should delete patient successfully" time="0.648">
    </testcase>
    <testcase classname="Patient Routes Integration Tests DELETE /api/patients/:id should return 404 for non-existent patient" name="Patient Routes Integration Tests DELETE /api/patients/:id should return 404 for non-existent patient" time="0.621">
    </testcase>
  </testsuite>
  <testsuite name="PatientService" errors="0" failures="0" skipped="0" timestamp="2025-09-13T21:13:15" time="30.111" tests="22">
    <testcase classname="PatientService createPatient should create a new patient successfully" name="PatientService createPatient should create a new patient successfully" time="7.075">
    </testcase>
    <testcase classname="PatientService createPatient should create patient without optional fields" name="PatientService createPatient should create patient without optional fields" time="0.762">
    </testcase>
    <testcase classname="PatientService createPatient should throw error for duplicate phone" name="PatientService createPatient should throw error for duplicate phone" time="0.818">
    </testcase>
    <testcase classname="PatientService createPatient should validate required fields" name="PatientService createPatient should validate required fields" time="0.66">
    </testcase>
    <testcase classname="PatientService getPatientById should return patient by ID" name="PatientService getPatientById should return patient by ID" time="0.939">
    </testcase>
    <testcase classname="PatientService getPatientById should return null for non-existent patient" name="PatientService getPatientById should return null for non-existent patient" time="0.776">
    </testcase>
    <testcase classname="PatientService getPatientsByClinic should return all active patients for clinic" name="PatientService getPatientsByClinic should return all active patients for clinic" time="0.702">
    </testcase>
    <testcase classname="PatientService getPatientsByClinic should return inactive patients when specified" name="PatientService getPatientsByClinic should return inactive patients when specified" time="0.715">
    </testcase>
    <testcase classname="PatientService updatePatient should update patient successfully" name="PatientService updatePatient should update patient successfully" time="0.629">
    </testcase>
    <testcase classname="PatientService updatePatient should return null for non-existent patient" name="PatientService updatePatient should return null for non-existent patient" time="0.617">
    </testcase>
    <testcase classname="PatientService updatePatient should update medical history" name="PatientService updatePatient should update medical history" time="0.659">
    </testcase>
    <testcase classname="PatientService deletePatient should delete patient successfully" name="PatientService deletePatient should delete patient successfully" time="0.588">
    </testcase>
    <testcase classname="PatientService deletePatient should return false for non-existent patient" name="PatientService deletePatient should return false for non-existent patient" time="0.598">
    </testcase>
    <testcase classname="PatientService searchPatients should search patients by name" name="PatientService searchPatients should search patients by name" time="0.653">
    </testcase>
    <testcase classname="PatientService searchPatients should search patients by phone" name="PatientService searchPatients should search patients by phone" time="0.624">
    </testcase>
    <testcase classname="PatientService searchPatients should search patients by email" name="PatientService searchPatients should search patients by email" time="0.841">
    </testcase>
    <testcase classname="PatientService searchPatients should return empty array for no matches" name="PatientService searchPatients should return empty array for no matches" time="0.643">
    </testcase>
    <testcase classname="PatientService searchPatients should paginate results" name="PatientService searchPatients should paginate results" time="0.66">
    </testcase>
    <testcase classname="PatientService getPatientStats should return correct patient statistics" name="PatientService getPatientStats should return correct patient statistics" time="0.712">
    </testcase>
    <testcase classname="PatientService updateMedicalHistory should update medical history successfully" name="PatientService updateMedicalHistory should update medical history successfully" time="0.629">
    </testcase>
    <testcase classname="PatientService reactivatePatient should reactivate inactive patient" name="PatientService reactivatePatient should reactivate inactive patient" time="0.638">
    </testcase>
    <testcase classname="PatientService reactivatePatient should throw error for non-existent patient" name="PatientService reactivatePatient should throw error for non-existent patient" time="0.572">
    </testcase>
  </testsuite>
  <testsuite name="Performance Tests" errors="0" failures="1" skipped="0" timestamp="2025-09-13T21:13:45" time="38.928" tests="5">
    <testcase classname="Performance Tests Load Testing should handle multiple concurrent login requests" name="Performance Tests Load Testing should handle multiple concurrent login requests" time="9.832">
    </testcase>
    <testcase classname="Performance Tests Load Testing should handle rapid successive auth requests" name="Performance Tests Load Testing should handle rapid successive auth requests" time="1.517">
    </testcase>
    <testcase classname="Performance Tests Memory Usage should not have memory leaks with repeated requests" name="Performance Tests Memory Usage should not have memory leaks with repeated requests" time="2.412">
    </testcase>
    <testcase classname="Performance Tests Database Query Performance should handle database load efficiently" name="Performance Tests Database Query Performance should handle database load efficiently" time="6.758">
      <failure>Error: expect(received).toBeLessThan(expected)

Expected: &lt; 6000
Received:   6033
    at Object.&lt;anonymous&gt; (/home/rebelde/development/topsmile/backend/tests/integration/performance.test.ts:118:24)
    at processTicksAndRejections (node:internal/process/task_queues:105:5)</failure>
    </testcase>
    <testcase classname="Performance Tests Response Time Benchmarks should respond quickly to auth endpoints" name="Performance Tests Response Time Benchmarks should respond quickly to auth endpoints" time="0.703">
    </testcase>
  </testsuite>
  <testsuite name="Auth Routes Integration" errors="0" failures="0" skipped="0" timestamp="2025-09-13T21:14:24" time="27.469" tests="13">
    <testcase classname="Auth Routes Integration POST /api/auth/register should register a new user successfully" name="Auth Routes Integration POST /api/auth/register should register a new user successfully" time="6.114">
    </testcase>
    <testcase classname="Auth Routes Integration POST /api/auth/register should return 400 for invalid data" name="Auth Routes Integration POST /api/auth/register should return 400 for invalid data" time="1.3">
    </testcase>
    <testcase classname="Auth Routes Integration POST /api/auth/register should return 400 for duplicate email" name="Auth Routes Integration POST /api/auth/register should return 400 for duplicate email" time="0.91">
    </testcase>
    <testcase classname="Auth Routes Integration POST /api/auth/login should login user successfully" name="Auth Routes Integration POST /api/auth/login should login user successfully" time="1.482">
    </testcase>
    <testcase classname="Auth Routes Integration POST /api/auth/login should return 400 for missing credentials" name="Auth Routes Integration POST /api/auth/login should return 400 for missing credentials" time="0.76">
    </testcase>
    <testcase classname="Auth Routes Integration POST /api/auth/login should return 401 for invalid credentials" name="Auth Routes Integration POST /api/auth/login should return 401 for invalid credentials" time="0.665">
    </testcase>
    <testcase classname="Auth Routes Integration GET /api/auth/me should return current user profile" name="Auth Routes Integration GET /api/auth/me should return current user profile" time="0.643">
    </testcase>
    <testcase classname="Auth Routes Integration GET /api/auth/me should return 401 for invalid token" name="Auth Routes Integration GET /api/auth/me should return 401 for invalid token" time="0.801">
    </testcase>
    <testcase classname="Auth Routes Integration PATCH /api/auth/change-password should change password successfully" name="Auth Routes Integration PATCH /api/auth/change-password should change password successfully" time="1.617">
    </testcase>
    <testcase classname="Auth Routes Integration PATCH /api/auth/change-password should return 400 for invalid new password" name="Auth Routes Integration PATCH /api/auth/change-password should return 400 for invalid new password" time="0.574">
    </testcase>
    <testcase classname="Auth Routes Integration POST /api/auth/logout should logout user successfully" name="Auth Routes Integration POST /api/auth/logout should logout user successfully" time="0.704">
    </testcase>
    <testcase classname="Auth Routes Integration POST /api/auth/refresh should refresh access token successfully" name="Auth Routes Integration POST /api/auth/refresh should refresh access token successfully" time="1.372">
    </testcase>
    <testcase classname="Auth Routes Integration POST /api/auth/refresh should return 401 for invalid refresh token" name="Auth Routes Integration POST /api/auth/refresh should return 401 for invalid refresh token" time="0.591">
    </testcase>
  </testsuite>
  <testsuite name="AuthService" errors="0" failures="0" skipped="0" timestamp="2025-09-13T21:14:52" time="22.099" tests="11">
    <testcase classname="AuthService register should register a new user successfully" name="AuthService register should register a new user successfully" time="5.841">
    </testcase>
    <testcase classname="AuthService register should hash the password" name="AuthService register should hash the password" time="0.64">
    </testcase>
    <testcase classname="AuthService register should throw error for duplicate email" name="AuthService register should throw error for duplicate email" time="0.866">
    </testcase>
    <testcase classname="AuthService register should create clinic when clinic data is provided" name="AuthService register should create clinic when clinic data is provided" time="0.741">
    </testcase>
    <testcase classname="AuthService login should login user with correct credentials" name="AuthService login should login user with correct credentials" time="1.233">
    </testcase>
    <testcase classname="AuthService login should throw error for invalid email" name="AuthService login should throw error for invalid email" time="0.022">
    </testcase>
    <testcase classname="AuthService login should throw error for invalid password" name="AuthService login should throw error for invalid password" time="1.166">
    </testcase>
    <testcase classname="AuthService getUserById should return user by ID" name="AuthService getUserById should return user by ID" time="0.618">
    </testcase>
    <testcase classname="AuthService getUserById should throw error for non-existent user" name="AuthService getUserById should throw error for non-existent user" time="0.032">
    </testcase>
    <testcase classname="AuthService changePassword should change password successfully" name="AuthService changePassword should change password successfully" time="2.344">
    </testcase>
    <testcase classname="AuthService changePassword should throw error for incorrect current password" name="AuthService changePassword should throw error for incorrect current password" time="1.263">
    </testcase>
  </testsuite>
  <testsuite name="Security Tests" errors="0" failures="0" skipped="0" timestamp="2025-09-13T21:15:14" time="19.617" tests="7">
    <testcase classname="Security Tests Token Expiration should handle expired tokens" name="Security Tests Token Expiration should handle expired tokens" time="4.501">
    </testcase>
    <testcase classname="Security Tests Token Expiration should handle malformed tokens" name="Security Tests Token Expiration should handle malformed tokens" time="2.778">
    </testcase>
    <testcase classname="Security Tests Token Expiration should handle missing tokens" name="Security Tests Token Expiration should handle missing tokens" time="0.74">
    </testcase>
    <testcase classname="Security Tests Input Validation &amp; Sanitization should handle extremely long input strings" name="Security Tests Input Validation &amp; Sanitization should handle extremely long input strings" time="0.857">
    </testcase>
    <testcase classname="Security Tests Input Validation &amp; Sanitization should handle SQL injection attempts" name="Security Tests Input Validation &amp; Sanitization should handle SQL injection attempts" time="0.807">
    </testcase>
    <testcase classname="Security Tests Input Validation &amp; Sanitization should handle XSS attempts" name="Security Tests Input Validation &amp; Sanitization should handle XSS attempts" time="0.94">
    </testcase>
    <testcase classname="Security Tests Rate Limiting should handle rapid successive requests" name="Security Tests Rate Limiting should handle rapid successive requests" time="0.855">
    </testcase>
  </testsuite>
  <testsuite name="Database Setup Test" errors="0" failures="0" skipped="0" timestamp="2025-09-13T21:15:34" time="7.567" tests="1">
    <testcase classname="Database Setup Test should connect to database" name="Database Setup Test should connect to database" time="0.002">
    </testcase>
  </testsuite>
</testsuites>