<?xml version="1.0" encoding="UTF-8"?>
<testsuites name="jest tests" tests="7" failures="0" errors="0" time="32.693">
  <testsuite name="Error Handler Middleware" errors="0" failures="0" skipped="0" timestamp="2025-10-08T21:06:44" time="12.305" tests="4">
    <testcase classname="Error Handler Middleware handles AppError correctly" name="Error Handler Middleware handles AppError correctly" time="0.037">
    </testcase>
    <testcase classname="Error Handler Middleware handles NotFoundError correctly" name="Error Handler Middleware handles NotFoundError correctly" time="0.006">
    </testcase>
    <testcase classname="Error Handler Middleware handles ValidationError correctly" name="Error Handler Middleware handles ValidationError correctly" time="0.004">
    </testcase>
    <testcase classname="Error Handler Middleware handles generic errors" name="Error Handler Middleware handles generic errors" time="0.004">
    </testcase>
  </testsuite>
  <testsuite name="ErrorLogger" errors="0" failures="0" skipped="0" timestamp="2025-10-08T21:07:12" time="4.288" tests="3">
    <testcase classname="ErrorLogger logs operational errors as warnings" name="ErrorLogger logs operational errors as warnings" time="0.003">
    </testcase>
    <testcase classname="ErrorLogger logs programming errors as errors" name="ErrorLogger logs programming errors as errors" time="0.001">
    </testcase>
    <testcase classname="ErrorLogger includes context in log" name="ErrorLogger includes context in log" time="0.001">
    </testcase>
  </testsuite>
</testsuites>